mode: atomic
todo-app/application/mappers/task_mapper.go:16.71,19.36 2 10
todo-app/application/mappers/task_mapper.go:19.36,21.3 1 0
todo-app/application/mappers/task_mapper.go:24.2,25.16 2 10
todo-app/application/mappers/task_mapper.go:25.16,27.3 1 2
todo-app/application/mappers/task_mapper.go:30.2,31.16 2 8
todo-app/application/mappers/task_mapper.go:31.16,33.3 1 0
todo-app/application/mappers/task_mapper.go:36.2,37.19 2 8
todo-app/application/mappers/task_mapper.go:37.19,39.3 1 2
todo-app/application/mappers/task_mapper.go:39.8,41.3 1 6
todo-app/application/mappers/task_mapper.go:44.2,48.22 3 8
todo-app/application/mappers/task_mapper.go:48.22,50.3 1 1
todo-app/application/mappers/task_mapper.go:53.2,54.16 2 7
todo-app/application/mappers/task_mapper.go:54.16,56.3 1 1
todo-app/application/mappers/task_mapper.go:58.2,58.18 1 6
todo-app/application/mappers/task_mapper.go:62.62,71.2 1 4
todo-app/application/mappers/user_mapper.go:16.71,19.21 2 6
todo-app/application/mappers/user_mapper.go:19.21,21.3 1 1
todo-app/application/mappers/user_mapper.go:24.2,25.16 2 5
todo-app/application/mappers/user_mapper.go:25.16,27.3 1 2
todo-app/application/mappers/user_mapper.go:32.2,33.16 2 3
todo-app/application/mappers/user_mapper.go:33.16,35.3 1 0
todo-app/application/mappers/user_mapper.go:38.2,42.16 3 3
todo-app/application/mappers/user_mapper.go:42.16,44.3 1 0
todo-app/application/mappers/user_mapper.go:46.2,46.18 1 3
todo-app/application/mappers/user_mapper.go:50.62,60.2 1 2
todo-app/application/mappers/user_mapper.go:65.95,66.16 1 3
todo-app/application/mappers/user_mapper.go:66.16,68.3 1 0
todo-app/application/mappers/user_mapper.go:72.2,75.21 3 3
todo-app/application/mappers/user_mapper.go:75.21,77.3 1 0
todo-app/application/mappers/user_mapper.go:77.8,77.28 1 3
todo-app/application/mappers/user_mapper.go:77.28,81.3 2 0
todo-app/application/mappers/user_mapper.go:81.8,85.3 2 3
todo-app/application/mappers/user_mapper.go:88.2,90.67 2 3
